<?xml version="1.0" encoding="UTF-8"?>
<testng-results ignored="0" total="1" passed="1" failed="0" skipped="0">
  <reporter-output>
  </reporter-output>
  <suite started-at="2024-02-07T12:44:20 IST" name="Default suite" finished-at="2024-02-07T12:44:37 IST" duration-ms="16829">
    <groups>
    </groups>
    <test started-at="2024-02-07T12:44:20 IST" name="Default test" finished-at="2024-02-07T12:44:37 IST" duration-ms="16829">
      <class name="LoginTestcaseModule.LTC1">
        <test-method is-config="true" signature="setup()[pri:0, instance:LoginTestcaseModule.LTC1@783a467b]" started-at="2024-02-07T12:44:20 IST" name="setup" finished-at="2024-02-07T12:44:26 IST" duration-ms="5596" status="PASS">
          <reporter-output>
          </reporter-output>
        </test-method> <!-- setup -->
        <test-method signature="LoginFunctionality()[pri:0, instance:LoginTestcaseModule.LTC1@783a467b]" started-at="2024-02-07T12:44:26 IST" name="LoginFunctionality" finished-at="2024-02-07T12:44:37 IST" duration-ms="11184" status="PASS">
          <reporter-output>
          </reporter-output>
        </test-method> <!-- LoginFunctionality -->
      </class> <!-- LoginTestcaseModule.LTC1 -->
    </test> <!-- Default test -->
  </suite> <!-- Default suite -->
</testng-results>
